[33m[SCHEDULER][0m: Setting affinity for PID 383935 to coreset 0-15
[33m[SCHEDULER][0m: Scheduler bound to coreset 0-15
[33m[SCHEDULER][0m: Loaded models:
[33m[SCHEDULER][0m:  P: b=-2553416.971 w_cycles/ms=1.283863 w_ipc=1995455.818 w_cmr=-542766.101 w_mspm=-4073.233 w_mspi=30015.482
[33m[SCHEDULER][0m:  E: b=-1413068.278 w_cycles/ms=1.240416 w_ipc=1128294.968 w_cmr=600879.329 w_mspm=8082.365 w_mspi=-21662.674
[33m[SCHEDULER][0m: Initializing CSV file
[33m[SCHEDULER][0m: Initializing core allocation CSV file
[33m[SCHEDULER][0m: Running, listening on /tmp/scheduler_socket
[33m[SCHEDULER][0m: No threads, reset: Compute=0,1,2,3,4,5,6,7, IO=8-15, Memory=0,1,2,3,4,5,6,7
[33m[SCHEDULER][0m: Computed coresets: Compute=0,1,2,3,4,5,6,7, I/O=8-15, Memory=0,1,2,3,4,5,6,7
[33m[SCHEDULER][0m: Logging core allocation to CSV
[33m[SCHEDULER][0m: Processing queue with 0 entries
[33m[SCHEDULER][0m: No threads, reset: Compute=0,1,2,3,4,5,6,7, IO=8-15, Memory=0,1,2,3,4,5,6,7
[33m[SCHEDULER][0m: Computed coresets: Compute=0,1,2,3,4,5,6,7, I/O=8-15, Memory=0,1,2,3,4,5,6,7
[33m[SCHEDULER][0m: Logging core allocation to CSV
[33m[SCHEDULER][0m: Processing queue with 0 entries
[33m[SCHEDULER][0m: No threads, reset: Compute=0,1,2,3,4,5,6,7, IO=8-15, Memory=0,1,2,3,4,5,6,7
[33m[SCHEDULER][0m: Computed coresets: Compute=0,1,2,3,4,5,6,7, I/O=8-15, Memory=0,1,2,3,4,5,6,7
[33m[SCHEDULER][0m: Logging core allocation to CSV
[33m[SCHEDULER][0m: Processing queue with 0 entries
[33m[SCHEDULER][0m: No threads, reset: Compute=0,1,2,3,4,5,6,7, IO=8-15, Memory=0,1,2,3,4,5,6,7
[33m[SCHEDULER][0m: Computed coresets: Compute=0,1,2,3,4,5,6,7, I/O=8-15, Memory=0,1,2,3,4,5,6,7
[33m[SCHEDULER][0m: Logging core allocation to CSV
[33m[SCHEDULER][0m: Processing queue with 0 entries
[33m[SCHEDULER][0m: No threads, reset: Compute=0,1,2,3,4,5,6,7, IO=8-15, Memory=0,1,2,3,4,5,6,7
[33m[SCHEDULER][0m: Computed coresets: Compute=0,1,2,3,4,5,6,7, I/O=8-15, Memory=0,1,2,3,4,5,6,7
[33m[SCHEDULER][0m: Logging core allocation to CSV
[33m[SCHEDULER][0m: Processing queue with 0 entries
[33m[SCHEDULER][0m: No threads, reset: Compute=0,1,2,3,4,5,6,7, IO=8-15, Memory=0,1,2,3,4,5,6,7
[33m[SCHEDULER][0m: Computed coresets: Compute=0,1,2,3,4,5,6,7, I/O=8-15, Memory=0,1,2,3,4,5,6,7
[33m[SCHEDULER][0m: Logging core allocation to CSV
[33m[SCHEDULER][0m: Processing queue with 0 entries
[33m[SCHEDULER][0m: No threads, reset: Compute=0,1,2,3,4,5,6,7, IO=8-15, Memory=0,1,2,3,4,5,6,7
[33m[SCHEDULER][0m: Computed coresets: Compute=0,1,2,3,4,5,6,7, I/O=8-15, Memory=0,1,2,3,4,5,6,7
[33m[SCHEDULER][0m: Logging core allocation to CSV
[33m[SCHEDULER][0m: Processing queue with 0 entries
[33m[SCHEDULER][0m: No threads, reset: Compute=0,1,2,3,4,5,6,7, IO=8-15, Memory=0,1,2,3,4,5,6,7
[33m[SCHEDULER][0m: Computed coresets: Compute=0,1,2,3,4,5,6,7, I/O=8-15, Memory=0,1,2,3,4,5,6,7
[33m[SCHEDULER][0m: Logging core allocation to CSV
[33m[SCHEDULER][0m: Processing queue with 0 entries
[33m[SCHEDULER][0m: No threads, reset: Compute=0,1,2,3,4,5,6,7, IO=8-15, Memory=0,1,2,3,4,5,6,7
[33m[SCHEDULER][0m: Computed coresets: Compute=0,1,2,3,4,5,6,7, I/O=8-15, Memory=0,1,2,3,4,5,6,7
[33m[SCHEDULER][0m: Logging core allocation to CSV
[33m[SCHEDULER][0m: Processing queue with 0 entries
[33m[SCHEDULER][0m: No threads, reset: Compute=0,1,2,3,4,5,6,7, IO=8-15, Memory=0,1,2,3,4,5,6,7
[33m[SCHEDULER][0m: Computed coresets: Compute=0,1,2,3,4,5,6,7, I/O=8-15, Memory=0,1,2,3,4,5,6,7
[33m[SCHEDULER][0m: Logging core allocation to CSV
[33m[SCHEDULER][0m: Processing queue with 0 entries
[33m[SCHEDULER][0m: No threads, reset: Compute=0,1,2,3,4,5,6,7, IO=8-15, Memory=0,1,2,3,4,5,6,7
[33m[SCHEDULER][0m: Computed coresets: Compute=0,1,2,3,4,5,6,7, I/O=8-15, Memory=0,1,2,3,4,5,6,7
[33m[SCHEDULER][0m: Logging core allocation to CSV
[33m[SCHEDULER][0m: Processing queue with 0 entries
[33m[SCHEDULER][0m: No threads, reset: Compute=0,1,2,3,4,5,6,7, IO=8-15, Memory=0,1,2,3,4,5,6,7
[33m[SCHEDULER][0m: Computed coresets: Compute=0,1,2,3,4,5    PID     TID PSR CMD
 383953       -   - ./phased_workload 60 300 0
      -  383953  14 -
      -  383955  12 -
,6,7, I/O=8-15, Memory=0,1,2,3,4,5,6,7
[33m[SCHEDULER][0m: Logging core allocation to CSV
[33m[SCHEDULER][0m: Processing queue with 0 entries
[33m[SCHEDULER][0m: No threads, reset: Compute=0,1,2,3,4,5,6,7, IO=8-15, Memory=0,1,2,3,4,5,6,7
[33m[SCHEDULER][0m: Computed coresets: Compute=0,1,2,3,4,5,6,7, I/O=8-15, Memory=0,1,2,3,4,5,6,7
[33m[SCHEDULER][0m: Logging core allocation to CSV
[33m[SCHEDULER][0m: Processing queue with 0 entries
[33m[SCHEDULER][0m: No threads, reset: Compute=0,1,2,3,4,5,6,7, IO=8-15, Memory=0,1,2,3,4,5,6,7
[33m[SCHEDULER][0m: Computed coresets: Compute=0,1,2,3,4,5,6,7, I/O=8-15, Memory=0,1,2,3,4,5,6,7
[33m[SCHEDULER][0m: Logging core allocation to CSV
[33m[SCHEDULER][0m: Processing queue with 0 entries
[33m[SCHEDULER][0m: No threads, reset: Compute=0,1,2,3,4,5,6,7, IO=8-15, Memory=0,1,2,3,4,5,6,7
[33m[SCHEDULER][0m: Computed coresets: Compute=0,1,2,3,4,5,6,7, I/O=8-15, Memory=0,1,2,3,4,5,6,7
[33m[SCHEDULER][0m: Logging core allocation to CSV
[33m[SCHEDULER][0m: Processing queue with 0 entries
[33m[SCHEDULER][0m: No threads, reset: Compute=0,1,2,3,4,5,6,7, IO=8-15, Memory=0,1,2,3,4,5,6,7
[33m[SCHEDULER][0m: Computed coresets: Compute=0,1,2,3,4,5,6,7, I/O=8-15, Memory=0,1,2,3,4,5,6,7
[33m[SCHEDULER][0m: Logging core allocation to CSV
[33m[SCHEDULER][0m: Processing queue with 0 entries
[33m[SCHEDULER][0m: No threads, reset: Compute=0,1,2,3,4,5,6,7, IO=8-15, Memory=0,1,2,3,4,5,6,7
[33m[SCHEDULER][0m: Computed coresets: Compute=0,1,2,3,4,5,6,7, I/O=8-15, Memory=0,1,2,3,4,5,6,7
[33m[SCHEDULER][0m: Logging core allocation to CSV
[33m[SCHEDULER][0m: Processing queue with 0 entries
[33m[SCHEDULER][0m: No threads, reset: Compute=0,1,2,3,4,5,6,7, IO=8-15, Memory=0,1,2,3,4,5,6,7
[33m[SCHEDULER][0m: Computed coresets: Compute=0,1,2,3,4,5,6,7, I/O=8-15, Memory=0,1,2,3,4,5,6,7
[33m[SCHEDULER][0m: Logging core allocation to CSV
[33m[SCHEDULER][0m: Processing queue with 0 entries
[33m[SCHEDULER][0m: No threads, reset: Compute=0,1,2,3,4,5,6,7, IO=8-15, Memory=0,1,2,3,4,5,6,7
[33m[SCHEDULER][0m: Computed coresets: Compute=0,1,2,3,4,5,6,7, I/O=8-15, Memory=0,1,2,3,4,5,6,7
[33m[SCHEDULER][0m: Logging core allocation to CSV
[33m[SCHEDULER][0m: Processing queue with 0 entries
[33m[SCHEDULER][0m: No threads, reset: Compute=0,1,2,3,4,5,6,7, IO=8-15, Memory=0,1,2,3,4,5,6,7
[33m[SCHEDULER][0m: Computed coresets: Compute=0,1,2,3,4,5,6,7, I/O=8-15, Memory=0,1,2,3,4,5,6,7
[33m[SCHEDULER][0m: Logging core allocation to CSV
[33m[SCHEDULER][0m: Processing queue with 0 entries
[33m[SCHEDULER][0m: Adding PID 383953 to queue
[33m[SCHEDULER][0m: Updating PID 383953 in queue
[33m[SCHEDULER][0m: No threads, reset: Compute=0,1,2,3,4,5,6,7, IO=8-15, Memory=0,1,2,3,4,5,6,7
[33m[SCHEDULER][0m: Computed coresets: Compute=0,1,2,3,4,5,6,7, I/O=8-15, Memory=0,1,2,3,4,5,6,7
[33m[SCHEDULER][0m: Logging core allocation to CSV
[33m[SCHEDULER][0m: Processing queue with 1 entries
[33m[SCHEDULER][0m: Setting affinity for PID 383953 to coreset 0-15
[33m[SCHEDULER][0m: Setting affinity for PID 383955 to coreset 0-15
[33m[SCHEDULER][0m: PID 383953 placement -> 0-15
[33m[SCHEDULER][0m: Verifying affinity for PID 383953:
SCHED_EVAL pid=383953 yP=0.000000 yE=0.000000 chosen=0-15 actual_P=0 actual_E=2 actual_other=0 total=2
[33m[SCHEDULER][0m: Updating PID 383953 in queue
[33m[SCHEDULER][0m: Updating PID 383953 in queue
[33m[SCHEDULER][0m: No threads, reset: Compute=0,1,2,3,4,5,6,7, IO=8-15, Memory=0,1,2,3,4,5,6,7
[33m[SCHEDULER][0m: Computed coresets: Compute=0,1,2,3,4,5,6,7, I/O=8-15, Memory=0,1,2,3,4,5,6,7
[33m[SCHEDULER][0m: Logging core allocation to CSV
[33m[SCHEDULER][0m: Processing queue with 1 entries
[33m[SCHEDULER][0m: PID features: cycles/ms=1175795.95 IPC=1.1271 CMR=0.020162 MSPM=1.0632 MSPI=0.5087 -> yP=1205201.1245 yE=1326788.7494 last=P
[33m[SCHEDULER][0m: MODEL_SCORES pid=383953 yP=1205201.124526 yE=1326788.749357
[33m[SCHEDULER][0m: MODEL_PREFERS_E pid=383953 yP=1205201.124526 yE=1326788.749357
[33m[SCHEDULER][0m: Setting affinity for     PID     TID PSR CMD
 383953       -   - ./phased_workload 60 300 0
      -  383953  14 -
      -  383955  12 -
    PID     TID PSR CMD
 383953       -   - ./phased_workload 60 300 0
      -  383953  14 -
      -  383955  12 -
    PID     TID PSR CMD
 383953       -   - ./phased_workload 60 300 0
      -  383953  14 -
      -  383955  12 -
    PID     TID PSR CMD
 383953       -   - ./phased_workload 60 300 0
      -  383953  14 -
      -  383955  12 -
PID 383953 to coreset 8-15
[33m[SCHEDULER][0m: Setting affinity for PID 383955 to coreset 8-15
[33m[SCHEDULER][0m: PID 383953 placement -> 8-15
[33m[SCHEDULER][0m: Verifying affinity for PID 383953:
SCHED_EVAL pid=383953 yP=1205201.124526 yE=1326788.749357 chosen=8-15 actual_P=0 actual_E=2 actual_other=0 total=2
[33m[SCHEDULER][0m: Updating PID 383953 in queue
[33m[SCHEDULER][0m: Updating PID 383953 in queue
[33m[SCHEDULER][0m: No threads, reset: Compute=0,1,2,3,4,5,6,7, IO=8-15, Memory=0,1,2,3,4,5,6,7
[33m[SCHEDULER][0m: Computed coresets: Compute=0,1,2,3,4,5,6,7, I/O=8-15, Memory=0,1,2,3,4,5,6,7
[33m[SCHEDULER][0m: Logging core allocation to CSV
[33m[SCHEDULER][0m: Processing queue with 1 entries
[33m[SCHEDULER][0m: PID features: cycles/ms=1064607.00 IPC=1.3038 CMR=0.023536 MSPM=1.2276 MSPI=0.5509 -> yP=1413732.5014 yE=1390633.2206 last=E
[33m[SCHEDULER][0m: MODEL_SCORES pid=383953 yP=1413732.501387 yE=1390633.220602
[33m[SCHEDULER][0m: MODEL_PREFERS_P pid=383953 yP=1413732.501387 yE=1390633.220602
[33m[SCHEDULER][0m: Setting affinity for PID 383953 to coreset 8-15
[33m[SCHEDULER][0m: Setting affinity for PID 383955 to coreset 8-15
[33m[SCHEDULER][0m: PID 383953 placement -> 8-15
[33m[SCHEDULER][0m: Verifying affinity for PID 383953:
SCHED_EVAL pid=383953 yP=1413732.501387 yE=1390633.220602 chosen=8-15 actual_P=0 actual_E=2 actual_other=0 total=2
[33m[SCHEDULER][0m: Updating PID 383953 in queue
[33m[SCHEDULER][0m: Updating PID 383953 in queue
[33m[SCHEDULER][0m: Updating PID 383953 in queue
[33m[SCHEDULER][0m: No threads, reset: Compute=0,1,2,3,4,5,6,7, IO=8-15, Memory=0,1,2,3,4,5,6,7
[33m[SCHEDULER][0m: Computed coresets: Compute=0,1,2,3,4,5,6,7, I/O=8-15, Memory=0,1,2,3,4,5,6,7
[33m[SCHEDULER][0m: Logging core allocation to CSV
[33m[SCHEDULER][0m: Processing queue with 1 entries
[33m[SCHEDULER][0m: PID features: cycles/ms=1204825.30 IPC=1.2449 CMR=0.024010 MSPM=1.2449 MSPI=0.5977 -> yP=1477489.5408 yE=1497626.1394 last=E
[33m[SCHEDULER][0m: MODEL_SCORES pid=383953 yP=1477489.540788 yE=1497626.139400
[33m[SCHEDULER][0m: MODEL_PREFERS_E pid=383953 yP=1477489.540788 yE=1497626.139400
[33m[SCHEDULER][0m: Setting affinity for PID 383953 to coreset 8-15
[33m[SCHEDULER][0m: Setting affinity for PID 383955 to coreset 8-15
[33m[SCHEDULER][0m: PID 383953 placement -> 8-15
[33m[SCHEDULER][0m: Verifying affinity for PID 383953:
SCHED_EVAL pid=383953 yP=1477489.540788 yE=1497626.139400 chosen=8-15 actual_P=0 actual_E=2 actual_other=0 total=2
[33m[SCHEDULER][0m: Updating PID 383953 in queue
[33m[SCHEDULER][0m: Updating PID 383953 in queue
[33m[SCHEDULER][0m: No threads, reset: Compute=0,1,2,3,4,5,6,7, IO=8-15, Memory=0,1,2,3,4,5,6,7
[33m[SCHEDULER][0m: Computed coresets: Compute=0,1,2,3,4,5,6,7, I/O=8-15, Memory=0,1,2,3,4,5,6,7
[33m[SCHEDULER][0m: Logging core allocation to CSV
[33m[SCHEDULER][0m: Processing queue with 1 entries
[33m[SCHEDULER][0m: PID features: cycles/ms=1060183.76 IPC=1.2358 CMR=0.024814 MSPM=1.2925 MSPI=0.6160 -> yP=1273454.1909 yE=1308360.1264 last=E
[33m[SCHEDULER][0m: MODEL_SCORES pid=383953 yP=1273454.190934 yE=1308360.126396
[33m[SCHEDULER][0m: MODEL_PREFERS_E pid=383953 yP=1273454.190934 yE=1308360.126396
[33m[SCHEDULER][0m: Setting affinity for PID 383953 to coreset 8-15
[33m[SCHEDULER][0m: Setting affinity for PID 383955 to coreset 8-15
[33m[SCHEDULER][0m: PID 383953 placement -> 8-15
[33m[SCHEDULER][0m: Verifying affinity for PID 383953:
SCHED_EVAL pid=383953 yP=1273454.190934 yE=1308360.126396 chosen=8-15 actual_P=0 actual_E=2 actual_other=0 total=2
[33m[SCHEDULER][0m: Updating PID 383953 in queue
[33m[SCHEDULER][0m: Updating PID 383953 in queue
[33m[SCHEDULER][0m: No threads, reset: Compute=0,1,2,3,4,5,6,7, IO=8-15, Memory=0,1,2,3,4,5,6,7
[33m[SCHEDULER][0m: Computed coresets: Compute=0,1,2,3,4,5,6,7, I/O=8-15, Memory=0,1,2,3,4,5,6,7
[33m[SCHEDULER][0m: Logging core allocation to CSV
[33m[SCHEDULER][0m: Processing queue with 1 entries
[33m[SCHEDULER][0m: PID features: cycles/ms=1117770.75 IPC=1.2779 CM    PID     TID PSR CMD
 383953       -   - ./phased_workload 60 300 0
      -  383953  14 -
      -  383955  12 -
    PID     TID PSR CMD
 383953       -   - ./phased_workload 60 300 0
      -  383953  14 -
      -  383955  12 -
    PID     TID PSR CMD
 383953       -   - ./phased_workload 60 300 0
      -  383953  14 -
      -  383955  15 -
    PID     TID PSR CMD
 383953       -   - ./phased_workload 60 300 0
      -  383953  14 -
      -  383955  15 -
R=0.023916 MSPM=1.2452 MSPI=0.5516 -> yP=1430214.9046 yE=1427808.0710 last=E
[33m[SCHEDULER][0m: MODEL_SCORES pid=383953 yP=1430214.904556 yE=1427808.070963
[33m[SCHEDULER][0m: MODEL_PREFERS_P pid=383953 yP=1430214.904556 yE=1427808.070963
[33m[SCHEDULER][0m: Setting affinity for PID 383953 to coreset 8-15
[33m[SCHEDULER][0m: Setting affinity for PID 383955 to coreset 8-15
[33m[SCHEDULER][0m: PID 383953 placement -> 8-15
[33m[SCHEDULER][0m: Verifying affinity for PID 383953:
SCHED_EVAL pid=383953 yP=1430214.904556 yE=1427808.070963 chosen=8-15 actual_P=0 actual_E=2 actual_other=0 total=2
[33m[SCHEDULER][0m: Updating PID 383953 in queue
[33m[SCHEDULER][0m: Updating PID 383953 in queue
[33m[SCHEDULER][0m: No threads, reset: Compute=0,1,2,3,4,5,6,7, IO=8-15, Memory=0,1,2,3,4,5,6,7
[33m[SCHEDULER][0m: Computed coresets: Compute=0,1,2,3,4,5,6,7, I/O=8-15, Memory=0,1,2,3,4,5,6,7
[33m[SCHEDULER][0m: Logging core allocation to CSV
[33m[SCHEDULER][0m: Processing queue with 1 entries
[33m[SCHEDULER][0m: PID features: cycles/ms=1288071.22 IPC=1.2493 CMR=0.022071 MSPM=1.1072 MSPI=0.4970 -> yP=1591664.0639 yE=1605713.3727 last=E
[33m[SCHEDULER][0m: MODEL_SCORES pid=383953 yP=1591664.063937 yE=1605713.372717
[33m[SCHEDULER][0m: MODEL_PREFERS_E pid=383953 yP=1591664.063937 yE=1605713.372717
[33m[SCHEDULER][0m: Setting affinity for PID 383953 to coreset 8-15
[33m[SCHEDULER][0m: Setting affinity for PID 383955 to coreset 8-15
[33m[SCHEDULER][0m: PID 383953 placement -> 8-15
[33m[SCHEDULER][0m: Verifying affinity for PID 383953:
SCHED_EVAL pid=383953 yP=1591664.063937 yE=1605713.372717 chosen=8-15 actual_P=0 actual_E=2 actual_other=0 total=2
[33m[SCHEDULER][0m: Updating PID 383953 in queue
[33m[SCHEDULER][0m: Updating PID 383953 in queue
[33m[SCHEDULER][0m: No threads, reset: Compute=0,1,2,3,4,5,6,7, IO=8-15, Memory=0,1,2,3,4,5,6,7
[33m[SCHEDULER][0m: Computed coresets: Compute=0,1,2,3,4,5,6,7, I/O=8-15, Memory=0,1,2,3,4,5,6,7
[33m[SCHEDULER][0m: Logging core allocation to CSV
[33m[SCHEDULER][0m: Processing queue with 1 entries
[33m[SCHEDULER][0m: PID features: cycles/ms=1169615.43 IPC=1.2528 CMR=0.022721 MSPM=1.1195 MSPI=0.5166 -> yP=1446683.0949 yE=1462752.6979 last=E
[33m[SCHEDULER][0m: MODEL_SCORES pid=383953 yP=1446683.094866 yE=1462752.697878
[33m[SCHEDULER][0m: MODEL_PREFERS_E pid=383953 yP=1446683.094866 yE=1462752.697878
[33m[SCHEDULER][0m: Setting affinity for PID 383953 to coreset 8-15
[33m[SCHEDULER][0m: Setting affinity for PID 383955 to coreset 8-15
[33m[SCHEDULER][0m: PID 383953 placement -> 8-15
[33m[SCHEDULER][0m: Verifying affinity for PID 383953:
SCHED_EVAL pid=383953 yP=1446683.094866 yE=1462752.697878 chosen=8-15 actual_P=0 actual_E=2 actual_other=0 total=2
[33m[SCHEDULER][0m: Updating PID 383953 in queue
[33m[SCHEDULER][0m: Updating PID 383953 in queue
[33m[SCHEDULER][0m: No threads, reset: Compute=0,1,2,3,4,5,6,7, IO=8-15, Memory=0,1,2,3,4,5,6,7
[33m[SCHEDULER][0m: Computed coresets: Compute=0,1,2,3,4,5,6,7, I/O=8-15, Memory=0,1,2,3,4,5,6,7
[33m[SCHEDULER][0m: Logging core allocation to CSV
[33m[SCHEDULER][0m: Processing queue with 1 entries
[33m[SCHEDULER][0m: PID features: cycles/ms=1194980.61 IPC=1.1952 CMR=0.025039 MSPM=1.2535 MSPI=0.5885 -> yP=1364689.9418 yE=1430157.8818 last=E
[33m[SCHEDULER][0m: MODEL_SCORES pid=383953 yP=1364689.941838 yE=1430157.881787
[33m[SCHEDULER][0m: MODEL_PREFERS_E pid=383953 yP=1364689.941838 yE=1430157.881787
[33m[SCHEDULER][0m: Setting affinity for PID 383953 to coreset 8-15
[33m[SCHEDULER][0m: Setting affinity for PID 383955 to coreset 8-15
[33m[SCHEDULER][0m: PID 383953 placement -> 8-15
[33m[SCHEDULER][0m: Verifying affinity for PID 383953:
SCHED_EVAL pid=383953 yP=1364689.941838 yE=1430157.881787 chosen=8-15 actual_P=0 actual_E=2 actual_other=0 total=2
[33m[SCHEDULER][0m: Updating PID 383953 in queue
[33m[SCHEDULER][0m: Updating PID 383953 in queue
[33m[SCHEDULER][0m: No threads, reset: Compute=0,1,2,3,4,5,6,7, IO=8-15, Memory=0,1,2,3,4,5,6,7
[33m[SCHEDULER][0m: Computed coresets:    PID     TID PSR CMD
 383953       -   - ./phased_workload 60 300 0
      -  383953  14 -
      -  383955  15 -
    PID     TID PSR CMD
 383953       -   - ./phased_workload 60 300 0
      -  383953  14 -
      -  383955  15 -
    PID     TID PSR CMD
 383953       -   - ./phased_workload 60 300 0
      -  383953  14 -
      -  383955  15 -
    PID     TID PSR CMD
 383953       -   - ./phased_workload 60 300 0
      -  383953  14 -
      -  383955  15 -
 Compute=0,1,2,3,4,5,6,7, I/O=8-15, Memory=0,1,2,3,4,5,6,7
[33m[SCHEDULER][0m: Logging core allocation to CSV
[33m[SCHEDULER][0m: Processing queue with 1 entries
[33m[SCHEDULER][0m: PID features: cycles/ms=1092023.67 IPC=1.2522 CMR=0.024243 MSPM=1.2367 MSPI=0.5880 -> yP=1346680.1989 yE=1366127.9678 last=E
[33m[SCHEDULER][0m: MODEL_SCORES pid=383953 yP=1346680.198917 yE=1366127.967819
[33m[SCHEDULER][0m: MODEL_PREFERS_E pid=383953 yP=1346680.198917 yE=1366127.967819
[33m[SCHEDULER][0m: Setting affinity for PID 383953 to coreset 8-15
[33m[SCHEDULER][0m: Setting affinity for PID 383955 to coreset 8-15
[33m[SCHEDULER][0m: PID 383953 placement -> 8-15
[33m[SCHEDULER][0m: Verifying affinity for PID 383953:
SCHED_EVAL pid=383953 yP=1346680.198917 yE=1366127.967819 chosen=8-15 actual_P=0 actual_E=2 actual_other=0 total=2
[33m[SCHEDULER][0m: Updating PID 383953 in queue
[33m[SCHEDULER][0m: Updating PID 383953 in queue
[33m[SCHEDULER][0m: Updating PID 383953 in queue
[33m[SCHEDULER][0m: No threads, reset: Compute=0,1,2,3,4,5,6,7, IO=8-15, Memory=0,1,2,3,4,5,6,7
[33m[SCHEDULER][0m: Computed coresets: Compute=0,1,2,3,4,5,6,7, I/O=8-15, Memory=0,1,2,3,4,5,6,7
[33m[SCHEDULER][0m: Logging core allocation to CSV
[33m[SCHEDULER][0m: Processing queue with 1 entries
[33m[SCHEDULER][0m: PID features: cycles/ms=1154035.72 IPC=1.2567 CMR=0.023918 MSPM=1.1654 MSPI=0.5471 -> yP=1434580.8513 yE=1448278.5044 last=E
[33m[SCHEDULER][0m: MODEL_SCORES pid=383953 yP=1434580.851272 yE=1448278.504390
[33m[SCHEDULER][0m: MODEL_PREFERS_E pid=383953 yP=1434580.851272 yE=1448278.504390
[33m[SCHEDULER][0m: Setting affinity for PID 383953 to coreset 8-15
[33m[SCHEDULER][0m: Setting affinity for PID 383955 to coreset 8-15
[33m[SCHEDULER][0m: PID 383953 placement -> 8-15
[33m[SCHEDULER][0m: Verifying affinity for PID 383953:
SCHED_EVAL pid=383953 yP=1434580.851272 yE=1448278.504390 chosen=8-15 actual_P=0 actual_E=2 actual_other=0 total=2
[33m[SCHEDULER][0m: Updating PID 383953 in queue
[33m[SCHEDULER][0m: Updating PID 383953 in queue
[33m[SCHEDULER][0m: No threads, reset: Compute=0,1,2,3,4,5,6,7, IO=8-15, Memory=0,1,2,3,4,5,6,7
[33m[SCHEDULER][0m: Computed coresets: Compute=0,1,2,3,4,5,6,7, I/O=8-15, Memory=0,1,2,3,4,5,6,7
[33m[SCHEDULER][0m: Logging core allocation to CSV
[33m[SCHEDULER][0m: Processing queue with 1 entries
[33m[SCHEDULER][0m: PID features: cycles/ms=1222017.50 IPC=1.2282 CMR=0.023871 MSPM=1.2411 MSPI=0.5834 -> yP=1465753.2515 yE=1500221.5081 last=E
[33m[SCHEDULER][0m: MODEL_SCORES pid=383953 yP=1465753.251463 yE=1500221.508114
[33m[SCHEDULER][0m: MODEL_PREFERS_E pid=383953 yP=1465753.251463 yE=1500221.508114
[33m[SCHEDULER][0m: Setting affinity for PID 383953 to coreset 8-15
[33m[SCHEDULER][0m: Setting affinity for PID 383955 to coreset 8-15
[33m[SCHEDULER][0m: PID 383953 placement -> 8-15
[33m[SCHEDULER][0m: Verifying affinity for PID 383953:
SCHED_EVAL pid=383953 yP=1465753.251463 yE=1500221.508114 chosen=8-15 actual_P=0 actual_E=2 actual_other=0 total=2
[33m[SCHEDULER][0m: Updating PID 383953 in queue
[33m[SCHEDULER][0m: Updating PID 383953 in queue
[33m[SCHEDULER][0m: No threads, reset: Compute=0,1,2,3,4,5,6,7, IO=8-15, Memory=0,1,2,3,4,5,6,7
[33m[SCHEDULER][0m: Computed coresets: Compute=0,1,2,3,4,5,6,7, I/O=8-15, Memory=0,1,2,3,4,5,6,7
[33m[SCHEDULER][0m: Logging core allocation to CSV
[33m[SCHEDULER][0m: Processing queue with 1 entries
[33m[SCHEDULER][0m: PID features: cycles/ms=1129573.01 IPC=1.2736 CMR=0.023820 MSPM=1.2559 MSPI=0.5805 -> yP=1437645.0373 yE=1436984.2395 last=E
[33m[SCHEDULER][0m: MODEL_SCORES pid=383953 yP=1437645.037264 yE=1436984.239539
[33m[SCHEDULER][0m: MODEL_PREFERS_P pid=383953 yP=1437645.037264 yE=1436984.239539
[33m[SCHEDULER][0m: Setting affinity for PID 383953 to coreset 8-15
[33m[SCHEDULER][0m: Setting affinity for PID 383955 to coreset 8-15
[33m[SCHEDULER][0m: PID 383953 placement -> 8-15
[33m[SCHEDULER][0m: Verifying affinity for PID 383953:
SCHED_EVAL pid=383953 yP=1437645.037264 yE=1436984.239539 chosen=8-1    PID     TID PSR CMD
 383953       -   - ./phased_workload 60 300 0
      -  383953  14 -
      -  383955  15 -
    PID     TID PSR CMD
 383953       -   - ./phased_workload 60 300 0
      -  383953  14 -
      -  383955  15 -
    PID     TID PSR CMD
 383953       -   - ./phased_workload 60 300 0
      -  383953  14 -
      -  383955  15 -
5 actual_P=0 actual_E=2 actual_other=0 total=2
[33m[SCHEDULER][0m: Updating PID 383953 in queue
[33m[SCHEDULER][0m: Updating PID 383953 in queue
[33m[SCHEDULER][0m: No threads, reset: Compute=0,1,2,3,4,5,6,7, IO=8-15, Memory=0,1,2,3,4,5,6,7
[33m[SCHEDULER][0m: Computed coresets: Compute=0,1,2,3,4,5,6,7, I/O=8-15, Memory=0,1,2,3,4,5,6,7
[33m[SCHEDULER][0m: Logging core allocation to CSV
[33m[SCHEDULER][0m: Processing queue with 1 entries
[33m[SCHEDULER][0m: PID features: cycles/ms=1157669.64 IPC=1.2689 CMR=0.023424 MSPM=1.2447 MSPI=0.5493 -> yP=1463608.9855 yE=1466852.8395 last=E
[33m[SCHEDULER][0m: MODEL_SCORES pid=383953 yP=1463608.985515 yE=1466852.839457
[33m[SCHEDULER][0m: MODEL_PREFERS_E pid=383953 yP=1463608.985515 yE=1466852.839457
[33m[SCHEDULER][0m: Setting affinity for PID 383953 to coreset 8-15
[33m[SCHEDULER][0m: Setting affinity for PID 383955 to coreset 8-15
[33m[SCHEDULER][0m: PID 383953 placement -> 8-15
[33m[SCHEDULER][0m: Verifying affinity for PID 383953:
SCHED_EVAL pid=383953 yP=1463608.985515 yE=1466852.839457 chosen=8-15 actual_P=0 actual_E=2 actual_other=0 total=2
[33m[SCHEDULER][0m: Updating PID 383953 in queue
[33m[SCHEDULER][0m: Updating PID 383953 in queue
[33m[SCHEDULER][0m: No threads, reset: Compute=0,1,2,3,4,5,6,7, IO=8-15, Memory=0,1,2,3,4,5,6,7
[33m[SCHEDULER][0m: Computed coresets: Compute=0,1,2,3,4,5,6,7, I/O=8-15, Memory=0,1,2,3,4,5,6,7
[33m[SCHEDULER][0m: Logging core allocation to CSV
[33m[SCHEDULER][0m: Processing queue with 1 entries
[33m[SCHEDULER][0m: PID features: cycles/ms=1217110.71 IPC=1.3092 CMR=0.022275 MSPM=1.1158 MSPI=0.4862 -> yP=1619654.8854 yE=1585722.4119 last=E
[33m[SCHEDULER][0m: MODEL_SCORES pid=383953 yP=1619654.885380 yE=1585722.411933
[33m[SCHEDULER][0m: MODEL_PREFERS_P pid=383953 yP=1619654.885380 yE=1585722.411933
[33m[SCHEDULER][0m: Setting affinity for PID 383953 to coreset 8-15
[33m[SCHEDULER][0m: Setting affinity for PID 383955 to coreset 8-15
[33m[SCHEDULER][0m: PID 383953 placement -> 8-15
[33m[SCHEDULER][0m: Verifying affinity for PID 383953:
SCHED_EVAL pid=383953 yP=1619654.885380 yE=1585722.411933 chosen=8-15 actual_P=0 actual_E=2 actual_other=0 total=2
[33m[SCHEDULER][0m: Updating PID 383953 in queue
[33m[SCHEDULER][0m: Updating PID 383953 in queue
[33m[SCHEDULER][0m: Updating PID 383953 in queue
[33m[SCHEDULER][0m: No threads, reset: Compute=0,1,2,3,4,5,6,7, IO=8-15, Memory=0,1,2,3,4,5,6,7
[33m[SCHEDULER][0m: Computed coresets: Compute=0,1,2,3,4,5,6,7, I/O=8-15, Memory=0,1,2,3,4,5,6,7
[33m[SCHEDULER][0m: Logging core allocation to CSV
[33m[SCHEDULER][0m: Processing queue with 1 entries
[33m[SCHEDULER][0m: PID features: cycles/ms=1153751.81 IPC=1.2809 CMR=0.023625 MSPM=1.2294 MSPI=0.5619 -> yP=1482846.3879 yE=1475249.3675 last=E
[33m[SCHEDULER][0m: MODEL_SCORES pid=383953 yP=1482846.387857 yE=1475249.367524
[33m[SCHEDULER][0m: MODEL_PREFERS_P pid=383953 yP=1482846.387857 yE=1475249.367524
[33m[SCHEDULER][0m: Setting affinity for PID 383953 to coreset 8-15
[33m[SCHEDULER][0m: Setting affinity for PID 383955 to coreset 8-15
[33m[SCHEDULER][0m: PID 383953 placement -> 8-15
[33m[SCHEDULER][0m: Verifying affinity for PID 383953:
SCHED_EVAL pid=383953 yP=1482846.387857 yE=1475249.367524 chosen=8-15 actual_P=0 actual_E=2 actual_other=0 total=2
[33m[SCHEDULER][0m: Updating PID 383953 in queue
[33m[SCHEDULER][0m: Updating PID 383953 in queue
[33m[SCHEDULER][0m: No threads, reset: Compute=0,1,2,3,4,5,6,7, IO=8-15, Memory=0,1,2,3,4,5,6,7
[33m[SCHEDULER][0m: Computed coresets: Compute=0,1,2,3,4,5,6,7, I/O=8-15, Memory=0,1,2,3,4,5,6,7
[33m[SCHEDULER][0m: Logging core allocation to CSV
[33m[SCHEDULER][0m: Processing queue with 1 entries
[33m[SCHEDULER][0m: PID features: cycles/ms=1267600.68 IPC=1.2825 CMR=0.021726 MSPM=1.1276 MSPI=0.4978 -> yP=1631654.0713 yE=1617658.6041 last=E
[33m[SCHEDULER][0m: MODEL_SCORES pid=383953 yP=1631654.071257 yE=1617658.604056
[33m[SCHEDULER][0m: MODEL_PREFERS_P pid=383953 yP=1631654.071257 yE=1617658.604056
[33m[SCHEDULER][0m: Setting    PID     TID PSR CMD
 383953       -   - ./phased_workload 60 300 0
      -  383953  14 -
      -  383955  15 -
    PID     TID PSR CMD
 383953       -   - ./phased_workload 60 300 0
      -  383953  14 -
      -  383955  15 -
    PID     TID PSR CMD
 383953       -   - ./phased_workload 60 300 0
      -  383953  14 -
      -  383955  15 -
    PID     TID PSR CMD
 383953       -   - ./phased_workload 60 300 0
      -  383953  14 -
      -  383955  15 -
 affinity for PID 383953 to coreset 8-15
[33m[SCHEDULER][0m: Setting affinity for PID 383955 to coreset 8-15
[33m[SCHEDULER][0m: PID 383953 placement -> 8-15
[33m[SCHEDULER][0m: Verifying affinity for PID 383953:
SCHED_EVAL pid=383953 yP=1631654.071257 yE=1617658.604056 chosen=8-15 actual_P=0 actual_E=2 actual_other=0 total=2
[33m[SCHEDULER][0m: Updating PID 383953 in queue
[33m[SCHEDULER][0m: Updating PID 383953 in queue
[33m[SCHEDULER][0m: No threads, reset: Compute=0,1,2,3,4,5,6,7, IO=8-15, Memory=0,1,2,3,4,5,6,7
[33m[SCHEDULER][0m: Computed coresets: Compute=0,1,2,3,4,5,6,7, I/O=8-15, Memory=0,1,2,3,4,5,6,7
[33m[SCHEDULER][0m: Logging core allocation to CSV
[33m[SCHEDULER][0m: Processing queue with 1 entries
[33m[SCHEDULER][0m: PID features: cycles/ms=1249959.04 IPC=1.2453 CMR=0.022918 MSPM=1.1797 MSPI=0.5507 -> yP=1535510.4137 yE=1553799.6901 last=E
[33m[SCHEDULER][0m: MODEL_SCORES pid=383953 yP=1535510.413725 yE=1553799.690071
[33m[SCHEDULER][0m: MODEL_PREFERS_E pid=383953 yP=1535510.413725 yE=1553799.690071
[33m[SCHEDULER][0m: Setting affinity for PID 383953 to coreset 8-15
[33m[SCHEDULER][0m: Setting affinity for PID 383955 to coreset 8-15
[33m[SCHEDULER][0m: PID 383953 placement -> 8-15
[33m[SCHEDULER][0m: Verifying affinity for PID 383953:
SCHED_EVAL pid=383953 yP=1535510.413725 yE=1553799.690071 chosen=8-15 actual_P=0 actual_E=2 actual_other=0 total=2
[33m[SCHEDULER][0m: Updating PID 383953 in queue
[33m[SCHEDULER][0m: Updating PID 383953 in queue
[33m[SCHEDULER][0m: No threads, reset: Compute=0,1,2,3,4,5,6,7, IO=8-15, Memory=0,1,2,3,4,5,6,7
[33m[SCHEDULER][0m: Computed coresets: Compute=0,1,2,3,4,5,6,7, I/O=8-15, Memory=0,1,2,3,4,5,6,7
[33m[SCHEDULER][0m: Logging core allocation to CSV
[33m[SCHEDULER][0m: Processing queue with 1 entries
[33m[SCHEDULER][0m: PID features: cycles/ms=1268021.26 IPC=1.2685 CMR=0.022741 MSPM=1.1423 MSPI=0.5307 -> yP=1604625.4509 yE=1602397.6032 last=E
[33m[SCHEDULER][0m: MODEL_SCORES pid=383953 yP=1604625.450929 yE=1602397.603184
[33m[SCHEDULER][0m: MODEL_PREFERS_P pid=383953 yP=1604625.450929 yE=1602397.603184
[33m[SCHEDULER][0m: Setting affinity for PID 383953 to coreset 8-15
[33m[SCHEDULER][0m: Setting affinity for PID 383955 to coreset 8-15
[33m[SCHEDULER][0m: PID 383953 placement -> 8-15
[33m[SCHEDULER][0m: Verifying affinity for PID 383953:
SCHED_EVAL pid=383953 yP=1604625.450929 yE=1602397.603184 chosen=8-15 actual_P=0 actual_E=2 actual_other=0 total=2
[33m[SCHEDULER][0m: Updating PID 383953 in queue
[33m[SCHEDULER][0m: Updating PID 383953 in queue
[33m[SCHEDULER][0m: No threads, reset: Compute=0,1,2,3,4,5,6,7, IO=8-15, Memory=0,1,2,3,4,5,6,7
[33m[SCHEDULER][0m: Computed coresets: Compute=0,1,2,3,4,5,6,7, I/O=8-15, Memory=0,1,2,3,4,5,6,7
[33m[SCHEDULER][0m: Logging core allocation to CSV
[33m[SCHEDULER][0m: Processing queue with 1 entries
[33m[SCHEDULER][0m: PID features: cycles/ms=1231613.14 IPC=1.2905 CMR=0.022452 MSPM=1.1780 MSPI=0.5496 -> yP=1602497.4535 yE=1581841.8357 last=E
[33m[SCHEDULER][0m: MODEL_SCORES pid=383953 yP=1602497.453516 yE=1581841.835709
[33m[SCHEDULER][0m: MODEL_PREFERS_P pid=383953 yP=1602497.453516 yE=1581841.835709
[33m[SCHEDULER][0m: Setting affinity for PID 383953 to coreset 8-15
[33m[SCHEDULER][0m: Setting affinity for PID 383955 to coreset 8-15
[33m[SCHEDULER][0m: PID 383953 placement -> 8-15
[33m[SCHEDULER][0m: Verifying affinity for PID 383953:
SCHED_EVAL pid=383953 yP=1602497.453516 yE=1581841.835709 chosen=8-15 actual_P=0 actual_E=2 actual_other=0 total=2
[33m[SCHEDULER][0m: Updating PID 383953 in queue
[33m[SCHEDULER][0m: Updating PID 383953 in queue
[33m[SCHEDULER][0m: No threads, reset: Compute=0,1,2,3,4,5,6,7, IO=8-15, Memory=0,1,2,3,4,5,6,7
[33m[SCHEDULER][0m: Computed coresets: Compute=0,1,2,3,4,5,6,7, I/O=8-15, Memory=0,1,2,3,4,5,6,7
[33m[SCHEDULER][0m: Logging core allocation to CSV
[33m[SCHEDULER][0m: Processing queue with 1 entries
[33m[SCHEDULER][0m: PID features: cycles/ms=1051160.35 IPC=1.2069 CMR=0.024426 MSPM=1.2323 MSPI=0.5880 ->    PID     TID PSR CMD
 383953       -   - ./phased_workload 60 300 0
      -  383953  14 -
      -  383955  15 -
    PID     TID PSR CMD
 383953       -   - ./phased_workload 60 300 0
      -  383953  14 -
      -  383955  15 -
